<?xml version="1.0" encoding="UTF-8"?>
<!-- Generated by org.testng.reporters.JUnitReportReporter -->
<testsuite skipped="0" hostname="Dell" name="com.home.testsuite.TestSuiteOrange" tests="3" failures="0" timestamp="29 Dec 2022 05:11:08 GMT" time="41.844" errors="0">
  <testcase name="tc_001_tc_loginApplication" time="13.076" classname="com.home.testsuite.TestSuiteOrange"/>
  <testcase name="tc_002_tc_verifyNavigationToCandidate" time="13.809" classname="com.home.testsuite.TestSuiteOrange"/>
  <testcase name="tc_003_tc_loginApplication" time="14.959" classname="com.home.testsuite.TestSuiteOrange"/>
</testsuite> <!-- com.home.testsuite.TestSuiteOrange -->
