<?xml version="1.0" encoding="UTF-8"?>
<!-- Generated by org.testng.reporters.JUnitReportReporter -->
<testsuite skipped="0" hostname="Dell" name="com.home.testsuite.TestSuiteOrange1" tests="3" failures="0" timestamp="30 Dec 2022 09:54:15 GMT" time="11.682" errors="0">
  <testcase name="tc_001_web_loginApplication" time="4.223" classname="com.home.testsuite.TestSuiteOrange1"/>
  <testcase name="tc_003_tc_loginApplication" time="3.474" classname="com.home.testsuite.TestSuiteOrange1"/>
  <testcase name="tc_002_tc_verifyNavigationToCandidate" time="3.985" classname="com.home.testsuite.TestSuiteOrange1"/>
</testsuite> <!-- com.home.testsuite.TestSuiteOrange1 -->
