<?xml version="1.0" encoding="UTF-8"?>
<!-- Generated by org.testng.reporters.JUnitReportReporter -->
<testsuite hostname="Dell" name="com.home.testsuite.TestSuiteOrange" tests="2" failures="0" timestamp="13 Aug 2022 17:50:42 GMT" time="19.374" errors="0">
  <testcase name="tc_001_tc_loginApplication" time="9.585" classname="com.home.testsuite.TestSuiteOrange"/>
  <testcase name="tc_002_tc_verifyNavigationToCandidate" time="9.789" classname="com.home.testsuite.TestSuiteOrange"/>
</testsuite> <!-- com.home.testsuite.TestSuiteOrange -->
