<?xml version="1.0" encoding="UTF-8"?>
<!-- Generated by org.testng.reporters.JUnitReportReporter -->
<testsuite name="com.home.testsuite.TestSuiteOrangeWithExcel" tests="2" time="7.275" ignored="0" failures="0" timestamp="16 Apr 2023 17:25:25 GMT" skipped="0" hostname="Dell" errors="0">
  <testcase name="tc_001_web_loginApplication" time="3.357" classname="com.home.testsuite.TestSuiteOrangeWithExcel"/>
  <testcase name="tc_001_web_loginApplication" time="3.918" classname="com.home.testsuite.TestSuiteOrangeWithExcel"/>
</testsuite> <!-- com.home.testsuite.TestSuiteOrangeWithExcel -->
